[23:00:47] 200 - 519.1µs GET /api/info
[23:01:10] 200 - 0s POST /api/path
[23:01:43] 200 - 624.6µs POST /api/path
[23:01:43] 200 - 1.0019ms POST /api/path
[23:01:43] 200 - 999.4µs POST /api/path
[23:01:43] 200 - 529.1µs POST /api/path
[23:01:44] 200 - 529.9µs POST /api/path
[23:01:44] 200 - 520.5µs POST /api/path
[23:01:47] 200 - 0s POST /api/path
[23:09:42] 200 - 0s POST /api/path
[23:11:07] 200 - 1.0008ms POST /api/path
[23:11:13] 200 - 1.028ms POST /api/path
[23:11:18] 200 - 0s POST /api/path
[23:11:22] 200 - 0s POST /api/path


docker run -itd -p 8080:3000 -v /dd:/downloads jpillora/cloud-torrent


{"items":[{"drive_id":"2168970","domain_id":"bj29","file_id":"604dcd77712b6c0792564c2f9d23f5c0608083b8","name":"佰阅发卡KaMiFAKA功能简介.xmind","type":"file","content_type":"application/octet-stream","created_at":"2021-03-14T08:46:47.675Z","updated_at":"2021-03-14T09:47:36.507Z","file_extension":"xmind","hidden":false,"size":124361,"starred":false,"status":"available","upload_id":"908EA17127AF4196ACDEDD14777576CD","parent_file_id":"604ddb8d95e5567c668a4434be5cc18bac1a55f8","crc64_hash":"13263021142986381322","content_hash":"25CB1170EF6EAF61C00EFC31AC3B1FC0D0AD8D8E","content_hash_name":"sha1","download_url":"https://bj29.cn-beijing.data.alicloudccp.com/604dcd77712b6c0792564c2f9d23f5c0608083b8%2F604dcd77868c34de26374b7699448f7273ef73c2?di=bj29&dr=2168970&f=604dcd77712b6c0792564c2f9d23f5c0608083b8&response-content-disposition=attachment%3B%20filename%2A%3DUTF-8%27%27%25E4%25BD%25B0%25E9%2598%2585%25E5%258F%2591%25E5%258D%25A1KaMiFAKA%25E5%258A%259F%25E8%2583%25BD%25E7%25AE%2580%25E4%25BB%258B.xmind&u=264fd844645e401099addb0f81950b35&x-oss-access-key-id=LTAIsE5mAn2F493Q&x-oss-expires=1616081041&x-oss-signature=WBqwV2mnvuapCMX1EEfdvXyAbp9Xhsox%2B%2B58t9RKeHQ%3D&x-oss-signature-version=OSS2","url":"https://bj29.cn-beijing.data.alicloudccp.com/604dcd77712b6c0792564c2f9d23f5c0608083b8%2F604dcd77868c34de26374b7699448f7273ef73c2?di=bj29&dr=2168970&f=604dcd77712b6c0792564c2f9d23f5c0608083b8&u=264fd844645e401099addb0f81950b35&x-oss-access-key-id=LTAIsE5mAn2F493Q&x-oss-expires=1616081041&x-oss-signature=Yp%2FBFx1iTQlFoXxj20vNxtmkl0cl9upBybs%2FrpDCRkA%3D&x-oss-signature-version=OSS2","category":"doc","encrypt_mode":"none","punish_flag":0},{"drive_id":"2168970","domain_id":"bj29","file_id":"604dcdb69055f4a6f3bf483da14658e4e404fe7f","name":"Vue-Essentials-Cheat-Sheet.pdf","type":"file","content_type":"application/pdf","created_at":"2021-03-14T08:47:50.303Z","updated_at":"2021-03-14T09:47:36.505Z","file_extension":"pdf","hidden":false,"size":145848,"starred":false,"status":"available","upload_id":"C0D2C890F70C4F9496445DF096A2933C","parent_file_id":"604ddb8d95e5567c668a4434be5cc18bac1a55f8","crc64_hash":"10811783647620578562","content_hash":"03086A171F26AE8964FF6402E01A418A46AB02C5","content_hash_name":"sha1","download_url":"https://bj29.cn-beijing.data.alicloudccp.com/604dcdb69055f4a6f3bf483da14658e4e404fe7f%2F604dcdb6065e1d9ee5644414a4d810acdbebd79f?di=bj29&dr=2168970&f=604dcdb69055f4a6f3bf483da14658e4e404fe7f&response-content-disposition=attachment%3B%20filename%2A%3DUTF-8%27%27Vue-Essentials-Cheat-Sheet.pdf&u=264fd844645e401099addb0f81950b35&x-oss-access-key-id=LTAIsE5mAn2F493Q&x-oss-expires=1616081041&x-oss-signature=fEGVrbnz580v01cjZC9e8d7IoOwxJ4D%2BsN1%2BT0SS7ao%3D&x-oss-signature-version=OSS2","url":"https://bj29.cn-beijing.data.alicloudccp.com/604dcdb69055f4a6f3bf483da14658e4e404fe7f%2F604dcdb6065e1d9ee5644414a4d810acdbebd79f?di=bj29&dr=2168970&f=604dcdb69055f4a6f3bf483da14658e4e404fe7f&u=264fd844645e401099addb0f81950b35&x-oss-access-key-id=LTAIsE5mAn2F493Q&x-oss-expires=1616081041&x-oss-signature=L8JdzxzUm2e1YU96QjieqyFZR7q%2BeEDsDdeNP1IOFdY%3D&x-oss-signature-version=OSS2","category":"doc","encrypt_mode":"none","punish_flag":0},{"drive_id":"2168970","domain_id":"bj29","file_id":"604dcde25d82e7b9a75e48fb9a695b53233fe438","name":"Bootstrap-Cheat-Sheet-websitesetup.org_.pdf","type":"file","content_type":"application/pdf","created_at":"2021-03-14T08:48:34.760Z","updated_at":"2021-03-14T09:47:36.504Z","file_extension":"pdf","hidden":false,"size":817447,"starred":false,"status":"available","upload_id":"FB98EA8EABEE4C4EB62BB4D38E77BF70","parent_file_id":"604ddb8d95e5567c668a4434be5cc18bac1a55f8","crc64_hash":"11015228853740696310","content_hash":"60042B04C2A16D2EF1CDD6DC9F278CAECE59BD9C","content_hash_name":"sha1","download_url":"https://bj29.cn-beijing.data.alicloudccp.com/604dcde25d82e7b9a75e48fb9a695b53233fe438%2F604dcde2de4416692178496fa4ad9b8c2eccb04c?di=bj29&dr=2168970&f=604dcde25d82e7b9a75e48fb9a695b53233fe438&response-content-disposition=attachment%3B%20filename%2A%3DUTF-8%27%27Bootstrap-Cheat-Sheet-websitesetup.org_.pdf&u=264fd844645e401099addb0f81950b35&x-oss-access-key-id=LTAIsE5mAn2F493Q&x-oss-expires=1616081041&x-oss-signature=e62P%2FRy%2Fo5nvdqRlk9sMWdDesMb4QYn8U6sl%2FkFlEGU%3D&x-oss-signature-version=OSS2","url":"https://bj29.cn-beijing.data.alicloudccp.com/604dcde25d82e7b9a75e48fb9a695b53233fe438%2F604dcde2de4416692178496fa4ad9b8c2eccb04c?di=bj29&dr=2168970&f=604dcde25d82e7b9a75e48fb9a695b53233fe438&u=264fd844645e401099addb0f81950b35&x-oss-access-key-id=LTAIsE5mAn2F493Q&x-oss-expires=1616081041&x-oss-signature=Y3JQGJ1z%2Bvx6SP6gpoN9L487fjg7%2BT8ybyDmOQROg04%3D&x-oss-signature-version=OSS2","category":"doc","encrypt_mode":"none","punish_flag":0},{"drive_id":"2168970","domain_id":"bj29","file_id":"604dcdb6d3bf6a4e3fbf49938cfbdd5d8c083051","name":"Vue-3-Cheat-Sheet.pdf","type":"file","content_type":"application/pdf","created_at":"2021-03-14T08:47:50.305Z","updated_at":"2021-03-14T09:47:36.504Z","file_extension":"pdf","hidden":false,"size":225607,"starred":false,"status":"available","upload_id":"860E07C1C1B641C9BD179DF478F1A7E2","parent_file_id":"604ddb8d95e5567c668a4434be5cc18bac1a55f8","crc64_hash":"5615391268577353564","content_hash":"6E33CFD8A85E68397741523AB137FA8A7EDF669A","content_hash_name":"sha1","download_url":"https://bj29.cn-beijing.data.alicloudccp.com/5fc5b22c877e0dda2dc240a48ac092dd3b7661b9%2F5fc5b22c727bef2dd0da450380cb23b648ea18e7?di=bj29&dr=2168970&f=604dcdb6d3bf6a4e3fbf49938cfbdd5d8c083051&response-content-disposition=attachment%3B%20filename%2A%3DUTF-8%27%27Vue-3-Cheat-Sheet.pdf&u=264fd844645e401099addb0f81950b35&x-oss-access-key-id=LTAIsE5mAn2F493Q&x-oss-expires=1616081041&x-oss-signature=GJziLQ3nUG3dLQO2f2byL66%2Bsz6I8aaDUP%2BX4kkmWQ0%3D&x-oss-signature-version=OSS2","url":"https://bj29.cn-beijing.data.alicloudccp.com/5fc5b22c877e0dda2dc240a48ac092dd3b7661b9%2F5fc5b22c727bef2dd0da450380cb23b648ea18e7?di=bj29&dr=2168970&f=604dcdb6d3bf6a4e3fbf49938cfbdd5d8c083051&u=264fd844645e401099addb0f81950b35&x-oss-access-key-id=LTAIsE5mAn2F493Q&x-oss-expires=1616081041&x-oss-signature=P%2BUyj30Q7gzFLZXYFm1nD2grgbl9LcCkVsmjN2mfj8o%3D&x-oss-signature-version=OSS2","category":"doc","encrypt_mode":"none","punish_flag":0}],"next_marker":""}[19:09:50] 200 - 37.4921ms GET /
[19:09:50] 200 - 3.6255ms GET /css/style.css
[19:09:51] 404 - 99.9µs GET /favicon.ico
[19:11:13] 304 - 723.3µs GET /
[19:11:13] 304 - 0s GET /
[19:11:13] 304 - 0s GET /
[19:11:13] 304 - 998.8µs GET /
[19:11:14] 304 - 0s GET /
[19:11:14] 304 - 0s GET /
[19:11:19] 304 - 0s GET /
[19:11:19] 304 - 0s GET /
[19:11:19] 304 - 0s GET /
[19:11:39] 304 - 82.6µs GET /
[19:11:40] 304 - 0s GET /
